<?xml version="1.0" encoding="utf-8"?><testsuite errors="0" failures="0" name="pytest" skips="0" tests="7" time="1.111"><testcase classname="test_submit.TestChallenge10" file="test_submit.py" line="52" name="test_1" time="0.03500175476074219"></testcase><testcase classname="test_submit.TestChallenge10" file="test_submit.py" line="59" name="test_2" time="0.027001380920410156"></testcase><testcase classname="test_submit.TestChallenge10" file="test_submit.py" line="63" name="test_3" time="0.03500199317932129"></testcase><testcase classname="test_submit.TestChallenge10" file="test_submit.py" line="67" name="test_4" time="0.036002159118652344"></testcase><testcase classname="test_submit.TestChallenge10" file="test_submit.py" line="74" name="test_5" time="0.036002159118652344"></testcase><testcase classname="test_submit.TestChallenge10" file="test_submit.py" line="82" name="test_6" time="0.03400230407714844"></testcase><testcase classname="test_submit.TestChallenge10" file="test_submit.py" line="89" name="test_7" time="0.036002159118652344"></testcase></testsuite>